<?xml version="1.0" encoding="UTF-8"?>
<testng-results total="7" passed="7" failed="0" skipped="0">
  <reporter-output>
  </reporter-output>
  <suite started-at="2024-10-20T19:20:22Z" name="Test Suite for Buildout" finished-at="2024-10-20T19:20:53Z" duration-ms="31452">
    <groups>
    </groups>
    <test started-at="2024-10-20T19:20:22Z" name="Test Cases for Buildout" finished-at="2024-10-20T19:20:53Z" duration-ms="31452">
      <class name="demo.TestCases">
        <test-method is-config="true" signature="startBrowser()[pri:0, instance:demo.TestCases@5a755cc1]" started-at="2024-10-21T00:50:22Z" name="startBrowser" finished-at="2024-10-21T00:50:26Z" duration-ms="3977" status="PASS">
          <reporter-output>
          </reporter-output>
        </test-method> <!-- startBrowser -->
        <test-method signature="testCase01()[pri:0, instance:demo.TestCases@5a755cc1]" started-at="2024-10-21T00:50:26Z" name="testCase01" finished-at="2024-10-21T00:50:30Z" duration-ms="4522" status="PASS">
          <reporter-output>
          </reporter-output>
        </test-method> <!-- testCase01 -->
        <test-method signature="testCase02()[pri:0, instance:demo.TestCases@5a755cc1]" started-at="2024-10-21T00:50:30Z" name="testCase02" finished-at="2024-10-21T00:50:35Z" duration-ms="4454" status="PASS">
          <reporter-output>
          </reporter-output>
        </test-method> <!-- testCase02 -->
        <test-method signature="testCase03()[pri:0, instance:demo.TestCases@5a755cc1]" started-at="2024-10-21T00:50:35Z" name="testCase03" finished-at="2024-10-21T00:50:38Z" duration-ms="3202" status="PASS">
          <reporter-output>
          </reporter-output>
        </test-method> <!-- testCase03 -->
        <test-method signature="testCase04()[pri:0, instance:demo.TestCases@5a755cc1]" started-at="2024-10-21T00:50:38Z" name="testCase04" finished-at="2024-10-21T00:50:42Z" duration-ms="3664" status="PASS">
          <reporter-output>
          </reporter-output>
        </test-method> <!-- testCase04 -->
        <test-method signature="testCase05()[pri:0, instance:demo.TestCases@5a755cc1]" started-at="2024-10-21T00:50:42Z" name="testCase05" finished-at="2024-10-21T00:50:48Z" duration-ms="6354" status="PASS">
          <reporter-output>
          </reporter-output>
        </test-method> <!-- testCase05 -->
        <test-method signature="testCase06()[pri:0, instance:demo.TestCases@5a755cc1]" started-at="2024-10-21T00:50:48Z" name="testCase06" finished-at="2024-10-21T00:50:51Z" duration-ms="3187" status="PASS">
          <reporter-output>
          </reporter-output>
        </test-method> <!-- testCase06 -->
        <test-method signature="testCase07()[pri:0, instance:demo.TestCases@5a755cc1]" started-at="2024-10-21T00:50:51Z" name="testCase07" finished-at="2024-10-21T00:50:53Z" duration-ms="1817" status="PASS">
          <reporter-output>
          </reporter-output>
        </test-method> <!-- testCase07 -->
        <test-method is-config="true" signature="endTest()[pri:0, instance:demo.TestCases@5a755cc1]" started-at="2024-10-21T00:50:53Z" name="endTest" finished-at="2024-10-21T00:50:53Z" duration-ms="232" status="PASS">
          <reporter-output>
          </reporter-output>
        </test-method> <!-- endTest -->
      </class> <!-- demo.TestCases -->
    </test> <!-- Test Cases for Buildout -->
  </suite> <!-- Test Suite for Buildout -->
</testng-results>
