<?xml version="1.0" encoding="UTF-8"?>
<testng-results total="7" passed="7" failed="0" skipped="0">
  <reporter-output>
  </reporter-output>
  <suite started-at="2024-10-20T20:01:44Z" name="Test Suite for Buildout" finished-at="2024-10-20T20:02:15Z" duration-ms="30720">
    <groups>
    </groups>
    <test started-at="2024-10-20T20:01:44Z" name="Test Cases for Buildout" finished-at="2024-10-20T20:02:15Z" duration-ms="30720">
      <class name="demo.TestCases">
        <test-method is-config="true" signature="startBrowser()[pri:0, instance:demo.TestCases@602e0143]" started-at="2024-10-21T01:31:44Z" name="startBrowser" finished-at="2024-10-21T01:31:46Z" duration-ms="1655" status="PASS">
          <reporter-output>
          </reporter-output>
        </test-method> <!-- startBrowser -->
        <test-method signature="testCase01()[pri:0, instance:demo.TestCases@602e0143]" started-at="2024-10-21T01:31:46Z" name="testCase01" finished-at="2024-10-21T01:31:50Z" duration-ms="3790" status="PASS">
          <reporter-output>
          </reporter-output>
        </test-method> <!-- testCase01 -->
        <test-method signature="testCase02()[pri:0, instance:demo.TestCases@602e0143]" started-at="2024-10-21T01:31:50Z" name="testCase02" finished-at="2024-10-21T01:31:54Z" duration-ms="4236" status="PASS">
          <reporter-output>
          </reporter-output>
        </test-method> <!-- testCase02 -->
        <test-method signature="testCase03()[pri:0, instance:demo.TestCases@602e0143]" started-at="2024-10-21T01:31:54Z" name="testCase03" finished-at="2024-10-21T01:31:57Z" duration-ms="3111" status="PASS">
          <reporter-output>
          </reporter-output>
        </test-method> <!-- testCase03 -->
        <test-method signature="testCase04()[pri:0, instance:demo.TestCases@602e0143]" started-at="2024-10-21T01:31:57Z" name="testCase04" finished-at="2024-10-21T01:32:01Z" duration-ms="3613" status="PASS">
          <reporter-output>
          </reporter-output>
        </test-method> <!-- testCase04 -->
        <test-method signature="testCase05()[pri:0, instance:demo.TestCases@602e0143]" started-at="2024-10-21T01:32:01Z" name="testCase05" finished-at="2024-10-21T01:32:07Z" duration-ms="6214" status="PASS">
          <reporter-output>
          </reporter-output>
        </test-method> <!-- testCase05 -->
        <test-method signature="testCase06()[pri:0, instance:demo.TestCases@602e0143]" started-at="2024-10-21T01:32:07Z" name="testCase06" finished-at="2024-10-21T01:32:10Z" duration-ms="3265" status="PASS">
          <reporter-output>
          </reporter-output>
        </test-method> <!-- testCase06 -->
        <test-method signature="testCase07()[pri:0, instance:demo.TestCases@602e0143]" started-at="2024-10-21T01:32:10Z" name="testCase07" finished-at="2024-10-21T01:32:15Z" duration-ms="4591" status="PASS">
          <reporter-output>
          </reporter-output>
        </test-method> <!-- testCase07 -->
        <test-method is-config="true" signature="endTest()[pri:0, instance:demo.TestCases@602e0143]" started-at="2024-10-21T01:32:15Z" name="endTest" finished-at="2024-10-21T01:32:15Z" duration-ms="210" status="PASS">
          <reporter-output>
          </reporter-output>
        </test-method> <!-- endTest -->
      </class> <!-- demo.TestCases -->
    </test> <!-- Test Cases for Buildout -->
  </suite> <!-- Test Suite for Buildout -->
</testng-results>
